       0 178.0000   0.0000
       5 177.0000   0.0000
      10 177.0000   0.0000
      15 175.0000   0.0000
      20 178.0000   0.0000
      25 175.0000   0.0000
      30 173.0000   0.0000
      35 174.0000   0.0000
      40 173.0000   0.0000
      45 174.0000   0.0000
      50 176.0000   0.0000
      55 174.0000   0.0000
      60 176.0000   0.0000
      65 178.0000   0.0000
      70 176.0000   0.0000
      75 177.0000   0.0000
      80 174.0000   0.0000
      85 177.0000   0.0000
      90 174.0000   0.0000
      95 172.0000   0.0000
     100 174.0000   0.0000
     105 172.0000   0.0000
     110 173.0000   0.0000
     115 176.0000   0.0000
     119 175.0000   0.0000
     124 176.0000   0.0000
     129 176.0000   0.0000
     134 176.0000   0.0000
     139 178.0000   0.0000
     144 174.0000   0.0000
     149 177.0000   0.0000
     154 174.0000   0.0000
     159 172.0000   0.0000
     164 174.0000   0.0000
     169 172.0000   0.0000
     174 173.0000   0.0000
     179 175.0000   0.0000
     184 174.0000   0.0000
     189 176.0000   0.0000
     194 177.0000   0.0000
     199 176.0000   0.0000
     204 177.0000   0.0000
     209 175.0000   0.0000
     214 177.0000   0.0000
     219 174.0000   0.0000
     224 173.0000   0.0000
     229 173.0000   0.0000
     234 172.0000   0.0000
     239 174.0000   0.0000
     244 176.0000   0.0000
     249 175.0000   0.0000
     254 176.0000   0.0000
     259 177.0000   0.0000
     264 176.0000   0.0000
     269 177.0000   0.0000
     274 174.0000   0.0000
     279 178.0000   0.0000
     284 175.0000   0.0000
     289 173.0000   0.0000
     294 174.0000   0.0000
     299 173.0000   0.0000
     304 174.0000   0.0000
     309 176.0000   0.0000
     314 174.0000   0.0000
     319 176.0000   0.0000
     324 178.0000   0.0000
     329 176.0000   0.0000
     334 178.0000   0.0000
     339 174.0000   0.0000
     344 178.0000   0.0000
     349 174.0000   0.0000
     354 173.0000   0.0000
     359 175.0000   0.0000
     364 173.0000   0.0000
     369 175.0000   0.0000
     374 176.0000   0.0000
     379 174.0000   0.0000
     384 176.0000   0.0000
     389 178.0000   0.0000
     394 177.0000   0.0000
     399 178.0000   0.0000
     404 175.0000   0.0000
     409 177.0000   0.0000
     414 175.0000   0.0000
     419 172.0000   0.0000
     424 175.0000   0.0000
     429 173.0000   0.0000
     434 174.0000   0.0000
     439 176.0000   0.0000
     444 175.0000   0.0000
     449 176.0000   0.0000
     454 177.0000   0.0000
     459 176.0000   0.0000
     464 178.0000   0.0000
     469 175.0000   0.0000
     475 177.0000   0.0000
     480 174.0000   0.0000
     485 173.0000   0.0000
     490 175.0000   0.0000
     495 172.0000   0.0000
     500 175.0000   0.0000
     505 176.0000   0.0000
     510 175.0000   0.0000
     515 176.0000   0.0000
     520 177.0000   0.0000
     525 176.0000   0.0000
     530 177.0000   0.0000
     535 174.0000   0.0000
     540 177.0000   0.0000
     545 174.0000   0.0000
     550 173.0000   0.0000
     555 174.0000   0.0000
     560 172.0000   0.0000
     565 175.0000   0.0000
     570 176.0000   0.0000
     575 175.0000   0.0000
     580 176.0000   0.0000
     585 177.0000   0.0000
     590 176.0000   0.0000
     595 178.0000   0.0000
     600 175.0000   0.0000
     605 178.0000   0.0000
     610 174.0000   0.0000
     615 173.0000   0.0000
     620 174.0000   0.0000
     625 173.0000   0.0000
     630 175.0000   0.0000
     635 176.0000   0.0000
     640 175.0000   0.0000
     645 176.0000   0.0000
     650 177.0000   0.0000
     655 176.0000   0.0000
     660 177.0000   0.0000
     665 175.0000   0.0000
     670 177.0000   0.0000
     675 174.0000   0.0000
     680 173.0000   0.0000
     685 175.0000   0.0000
     690 173.0000   0.0000
     695 174.0000   0.0000
     700 176.0000   0.0000
     705 174.0000   0.0000
     710 176.0000   0.0000
     715 178.0000   0.0000
     720 176.0000   0.0000
     725 178.0000   0.0000
     730 174.0000   0.0000
     735 177.0000   0.0000
     740 174.0000   0.0000
     745 173.0000   0.0000
     750 174.0000   0.0000
     755 173.0000   0.0000
     760 174.0000   0.0000
     765 176.0000   0.0000
     770 175.0000   0.0000
     775 176.0000   0.0000
     780 177.0000   0.0000
     785 176.0000   0.0000
     790 177.0000   0.0000
     795 174.0000   0.0000
     800 177.0000   0.0000
     805 174.0000   0.0000
     810 172.0000   0.0000
     815 175.0000   0.0000
     820 173.0000   0.0000
     825 174.0000   0.0000
     830 176.0000   0.0000
     835 174.0000   0.0000
     840 176.0000   0.0000
     845 177.0000   0.0000
     850 176.0000   0.0000
     855 177.0000   0.0000
     860 175.0000   0.0000
     865 177.0000   0.0000
     870 174.0000   0.0000
     875 173.0000   0.0000
     880 174.0000   0.0000
     885 172.0000   0.0000
     890 174.0000   0.0000
     895 176.0000   0.0000
     900 174.0000   0.0000
     905 176.0000   0.0000
     910 178.0000   0.0000
     915 176.0000   0.0000
     920 177.0000   0.0000
     925 175.0000   0.0000
     930 177.0000   0.0000
     935 174.0000   0.0000
     940 173.0000   0.0000
     945 175.0000   0.0000
     950 172.0000   0.0000
     955 175.0000   0.0000
     960 176.0000   0.0000
     965 175.0000   0.0000
     970 176.0000   0.0000
     975 177.0000   0.0000
     980 176.0000   0.0000
     985 177.0000   0.0000
     990 175.0000   0.0000
     995 177.0000   0.0000
    1000 174.0000   0.0000
    1005 173.0000   0.0000
    1010 175.0000   0.0000
    1015 172.0000   0.0000
    1020 174.0000   0.0000
    1025 176.0000   0.0000
    1030 174.0000   0.0000
    1035 176.0000   0.0000
    1040 178.0000   0.0000
    1045 176.0000   0.0000
    1050 177.0000   0.0000
    1055 174.0000   0.0000
    1060 177.0000   0.0000
    1065 174.0000   0.0000
    1070 172.0000   0.0000
    1075 174.0000   0.0000
    1080 173.0000   0.0000
    1085 175.0000   0.0000
    1090 176.0000   0.0000
    1095 175.0000   0.0000
    1100 177.0000   0.0000
    1105 177.0000   0.0000
    1110 176.0000   0.0000
    1115 177.0000   0.0000
    1120 174.0000   0.0000
    1125 178.0000   0.0000
    1130 174.0000   0.0000
    1135 172.0000   0.0000
    1140 174.0000   0.0000
    1145 171.0000   0.0000
    1150 175.0000   0.0000
    1155 176.0000   0.0000
    1160 174.0000   0.0000
    1165 176.0000   0.0000
    1170 178.0000   0.0000
    1175 176.0000   0.0000
    1180 177.0000   0.0000
    1185 175.0000   0.0000
    1190 177.0000   0.0000
    1195 175.0000   0.0000
    1200 172.0000   0.0000
    1205 175.0000   0.0000
    1210 172.0000   0.0000
    1215 174.0000   0.0000
    1220 176.0000   0.0000
    1225 174.0000   0.0000
    1230 176.0000   0.0000
    1235 177.0000   0.0000
    1240 176.0000   0.0000
    1245 177.0000   0.0000
    1250 175.0000   0.0000
    1255 178.0000   0.0000
    1260 174.0000   0.0000
    1265 173.0000   0.0000
    1270 174.0000   0.0000
    1275 173.0000   0.0000
    1280 174.0000   0.0000
    1285 176.0000   0.0000
    1290 175.0000   0.0000
    1295 176.0000   0.0000
    1300 177.0000   0.0000
    1305 176.0000   0.0000
    1310 178.0000   0.0000
    1315 175.0000   0.0000
    1320 177.0000   0.0000
    1325 174.0000   0.0000
    1330 172.0000   0.0000
    1335 175.0000   0.0000
    1340 171.0000   0.0000
    1345 174.0000   0.0000
    1350 176.0000   0.0000
    1355 174.0000   0.0000
    1360 176.0000   0.0000
    1365 177.0000   0.0000
    1370 176.0000   0.0000
    1375 178.0000   0.0000
    1380 175.0000   0.0000
    1385 177.0000   0.0000
    1390 174.0000   0.0000
    1395 173.0000   0.0000
    1400 174.0000   0.0000
    1405 173.0000   0.0000
    1410 174.0000   0.0000
    1415 176.0000   0.0000
    1420 175.0000   0.0000
    1425 176.0000   0.0000
    1430 177.0000   0.0000
    1435 176.0000   0.0000
    1440 178.0000   0.0000
    1445 175.0000   0.0000
    1450 177.0000   0.0000
    1455 174.0000   0.0000
    1460 173.0000   0.0000
    1465 174.0000   0.0000
    1470 171.0000   0.0000
    1475 174.0000   0.0000
    1480 176.0000   0.0000
    1485 174.0000   0.0000
    1490 176.0000   0.0000
    1495 178.0000   0.0000
    1500 176.0000   0.0000
    1505 177.0000   0.0000
    1510 175.0000   0.0000
    1515 178.0000   0.0000
    1520 174.0000   0.0000
    1525 173.0000   0.0000
    1530 175.0000   0.0000
    1535 172.0000   0.0000
    1540 174.0000   0.0000
    1545 176.0000   0.0000
    1550 174.0000   0.0000
    1555 176.0000   0.0000
    1560 177.0000   0.0000
    1565 176.0000   0.0000
    1570 177.0000   0.0000
    1575 175.0000   0.0000
    1580 177.0000   0.0000
    1585 175.0000   0.0000
    1590 172.0000   0.0000
    1595 174.0000   0.0000
    1600 172.0000   0.0000
    1605 174.0000   0.0000
    1610 176.0000   0.0000
    1615 175.0000   0.0000
    1620 176.0000   0.0000
    1625 177.0000   0.0000
    1630 176.0000   0.0000
    1635 177.0000   0.0000
    1640 175.0000   0.0000
    1645 176.0000   0.0000
    1650 174.0000   0.0000
    1655 173.0000   0.0000
    1660 174.0000   0.0000
    1665 171.0000   0.0000
    1670 174.0000   0.0000
    1675 176.0000   0.0000
    1680 175.0000   0.0000
    1685 176.0000   0.0000
    1690 177.0000   0.0000
    1695 176.0000   0.0000
    1700 177.0000   0.0000
    1705 175.0000   0.0000
    1710 177.0000   0.0000
    1715 174.0000   0.0000
    1720 172.0000   0.0000
    1725 174.0000   0.0000
    1730 172.0000   0.0000
    1735 174.0000   0.0000
    1740 176.0000   0.0000
    1745 173.0000   0.0000
    1750 176.0000   0.0000
    1755 177.0000   0.0000
    1760 176.0000   0.0000
    1765 177.0000   0.0000
    1770 175.0000   0.0000
    1775 177.0000   0.0000
    1780 174.0000   0.0000
    1785 172.0000   0.0000
    1790 173.0000   0.0000
    1795 171.0000   0.0000
    1800 173.0000   0.0000
    1805 175.0000   0.0000
    1810 174.0000   0.0000
    1815 176.0000   0.0000
    1820 177.0000   0.0000
    1825 176.0000   0.0000
    1830 177.0000   0.0000
    1835 175.0000   0.0000
    1840 178.0000   0.0000
    1845 174.0000   0.0000
    1850 172.0000   0.0000
    1855 174.0000   0.0000
    1860 173.0000   0.0000
    1865 174.0000   0.0000
    1870 176.0000   0.0000
    1875 173.0000   0.0000
    1879 176.0000   0.0000
    1884 178.0000   0.0000
    1889 176.0000   0.0000
    1894 177.0000   0.0000
    1899 174.0000   0.0000
    1904 178.0000   0.0000
    1909 174.0000   0.0000
    1914 172.0000   0.0000
    1919 174.0000   0.0000
    1924 171.0000   0.0000
    1929 175.0000   0.0000
    1934 176.0000   0.0000
    1939 173.0000   0.0000
    1944 176.0000   0.0000
    1949 178.0000   0.0000
    1954 176.0000   0.0000
    1959 177.0000   0.0000
    1964 175.0000   0.0000
    1969 177.0000   0.0000
    1974 175.0000   0.0000
    1979 173.0000   0.0000
    1984 174.0000   0.0000
    1989 172.0000   0.0000
    1994 175.0000   0.0000
    1999 176.0000   0.0000
    2004 174.0000   0.0000
    2009 176.0000   0.0000
    2014 177.0000   0.0000
    2019 176.0000   0.0000
    2024 177.0000   0.0000
    2029 175.0000   0.0000
    2034 178.0000   0.0000
    2039 174.0000   0.0000
    2044 173.0000   0.0000
    2049 174.0000   0.0000
    2054 172.0000   0.0000
    2059 174.0000   0.0000
    2064 176.0000   0.0000
    2069 175.0000   0.0000
    2074 176.0000   0.0000
    2079 177.0000   0.0000
    2084 176.0000   0.0000
    2089 177.0000   0.0000
    2094 175.0000   0.0000
    2099 178.0000   0.0000
    2104 174.0000   0.0000
    2109 173.0000   0.0000
    2114 173.0000   0.0000
    2119 172.0000   0.0000
    2124 174.0000   0.0000
    2129 176.0000   0.0000
    2134 174.0000   0.0000
    2139 176.0000   0.0000
    2144 177.0000   0.0000
    2149 176.0000   0.0000
    2154 177.0000   0.0000
    2159 175.0000   0.0000
    2164 177.0000   0.0000
    2169 174.0000   0.0000
    2174 172.0000   0.0000
    2179 174.0000   0.0000
    2184 172.0000   0.0000
    2189 174.0000   0.0000
    2194 176.0000   0.0000
    2199 174.0000   0.0000
    2204 176.0000   0.0000
    2209 178.0000   0.0000
    2214 176.0000   0.0000
    2219 177.0000   0.0000
    2224 174.0000   0.0000
    2229 178.0000   0.0000
    2234 174.0000   0.0000
    2239 172.0000   0.0000
    2244 173.0000   0.0000
    2249 172.0000   0.0000
    2254 174.0000   0.0000
    2259 176.0000   0.0000
    2264 174.0000   0.0000
    2269 176.0000   0.0000
    2274 178.0000   0.0000
    2279 176.0000   0.0000
    2284 177.0000   0.0000
    2289 174.0000   0.0000
    2294 177.0000   0.0000
    2299 175.0000   0.0000
    2304 172.0000   0.0000
    2309 174.0000   0.0000
    2314 172.0000   0.0000
    2319 173.0000   0.0000
    2324 176.0000   0.0000
    2329 175.0000   0.0000
    2334 176.0000   0.0000
    2339 177.0000   0.0000
    2344 176.0000   0.0000
    2349 176.0000   0.0000
    2354 174.0000   0.0000
    2359 177.0000   0.0000
    2364 174.0000   0.0000
    2369 172.0000   0.0000
    2374 175.0000   0.0000
    2379 173.0000   0.0000
    2384 174.0000   0.0000
    2389 176.0000   0.0000
    2394 174.0000   0.0000
    2399 176.0000   0.0000
    2404 177.0000   0.0000
    2409 177.0000   0.0000
    2414 178.0000   0.0000
    2419 174.0000   0.0000
    2424 177.0000   0.0000
    2429 175.0000   0.0000
    2434 172.0000   0.0000
    2439 174.0000   0.0000
    2444 173.0000   0.0000
    2449 174.0000   0.0000
    2454 176.0000   0.0000
    2459 174.0000   0.0000
    2464 176.0000   0.0000
    2469 176.0000   0.0000
    2474 175.0000   0.0000
    2479 176.0000   0.0000
    2484 174.0000   0.0000
    2489 178.0000   0.0000
    2494 173.0000   0.0000
    2499 173.0000   0.0000
    2504 173.0000   0.0000
    2509 172.0000   0.0000
    2514 174.0000   0.0000
    2519 176.0000   0.0000
    2524 174.0000   0.0000
    2529 176.0000   0.0000
    2534 176.0000   0.0000
    2539 176.0000   0.0000
    2544 176.0000   0.0000
    2549 174.0000   0.0000
    2554 177.0000   0.0000
    2559 174.0000   0.0000
    2564 172.0000   0.0000
    2569 174.0000   0.0000
    2574 172.0000   0.0000
    2579 174.0000   0.0000
    2584 175.0000   0.0000
    2589 173.0000   0.0000
    2594 175.0000   0.0000
    2599 176.0000   0.0000
    2604 175.0000   0.0000
    2609 176.0000   0.0000
    2614 173.0000   0.0000
    2619 177.0000   0.0000
    2624 173.0000   0.0000
    2629 172.0000   0.0000
    2634 173.0000   0.0000
    2639 172.0000   0.0000
    2644 174.0000   0.0000
    2649 175.0000   0.0000
    2654 174.0000   0.0000
    2659 175.0000   0.0000
    2664 176.0000   0.0000
    2669 175.0000   0.0000
    2674 176.0000   0.0000
    2679 174.0000   0.0000
    2684 175.0000   0.0000
    2689 171.0000   0.0000
    2694 168.0000   0.0000
    2699 170.0000   0.0000
    2704 164.0000   0.0000
    2709 166.0000   0.0000
    2714 166.0000   0.0000
    2719 164.0000   0.0000
    2724 164.0000   0.0000
    2729 163.0000   0.0000
    2734 159.0000   0.0000
    2739 156.0000   0.0000
    2744 148.0000   0.0000
    2749 150.0000   0.0000
    2754 137.0000   0.0000
    2759 133.0000   0.0000
    2764 136.0000   0.0000
    2769 133.0000   0.0000
    2774 135.0000   0.0000
    2779 135.0000   0.0000
    2784 133.0000   0.0000
    2789 135.0000   0.0000
    2794 136.0000   0.0000
    2799 136.0000   0.0000
    2804 135.0000   0.0000
    2809 132.0000   0.0000
    2814 133.0000   0.0000
    2819 130.0000   0.0000
    2824 127.0000   0.0000
    2829 127.0000   0.0000
    2834 125.0000   0.0000
    2839 123.0000   0.0000
    2844 117.0000   0.0000
    2849 115.0000   0.0000
    2854 118.0000   0.0000
    2859 120.0000   0.0000
    2864 118.0000   0.0000
    2869 118.0000   0.0000
    2874 114.0000   0.0000
    2879 115.0000   0.0000
    2884 111.0000   0.0000
    2889 110.0000   0.0000
    2894 111.0000   0.0000
    2899 109.0000   0.0000
    2904 111.0000   0.0000
    2909 112.0000   0.0000
    2914 111.0000   0.0000
    2919 112.0000   0.0000
    2924 114.0000   0.0000
    2929 114.0000   0.0000
    2934 121.0000   0.0000
    2939 129.0000   0.0000
    2944 137.0000   0.0000
    2949 140.0000   0.0000
    2954 147.0000   0.0000
    2959 156.0000   0.0000
    2964 154.0000   0.0000
    2969 159.0000   0.0000
    2974 162.0000   0.0000
    2979 166.0000   0.0000
    2984 193.0000   0.0000
    2989 212.0000   0.0000
    2994 216.0000   0.0000
    2999 218.0000   0.0000
    3004 213.0000   0.0000
    3009 216.0000   0.0000
    3014 214.0000   0.0000
    3019 211.0000   0.0000
    3024 215.0000   0.0000
    3029 217.0000   0.0000
    3034 220.0000   0.0000
    3039 224.0000   0.0000
    3044 230.0000   0.0000
    3049 242.0000   0.0000
    3054 244.0000   0.0000
    3059 244.0000   0.0000
    3064 246.0000   0.0000
    3069 243.0000   0.0000
    3074 247.0000   0.0000
    3079 246.0000   0.0000
    3084 249.0000   0.0000
    3089 257.0000   0.0000
    3094 257.0000   0.0000
    3099 261.0000   0.0000
    3104 261.0000   0.0000
    3109 261.0000   0.0000
    3114 263.0000   0.0000
    3119 274.0000   0.0000
    3124 277.0000   0.0000
    3129 278.0000   0.0000
    3134 277.0000   0.0000
    3139 281.0000   0.0000
    3144 278.0000   0.0000
    3149 277.0000   0.0000
    3154 277.0000   0.0000
    3159 275.0000   0.0000
    3164 276.0000   0.0000
    3169 277.0000   0.0000
    3174 273.0000   0.0000
    3179 273.0000   0.0000
    3184 273.0000   0.0000
    3189 274.0000   0.0000
    3194 274.0000   0.0000
    3199 271.0000   0.0000
    3204 273.0000   0.0000
    3209 272.0000   0.0000
    3214 271.0000   0.0000
    3219 275.0000   0.0000
    3224 273.0000   0.0000
    3229 275.0000   0.0000
    3234 279.0000   0.0000
    3239 285.0000   0.0000
    3244 294.0000   0.0000
    3249 310.0000   0.0000
    3254 325.0000   0.0000
    3259 326.0000   0.0000
    3264 326.0000   0.0000
    3269 334.0000   0.0000
    3274 332.0000   0.0000
    3279 335.0000   0.0000
    3284 337.0000   0.0000
    3289 339.0000   0.0000
    3294 341.0000   0.0000
    3299 345.0000   0.0000
    3304 357.0000   0.0000
    3309 366.0000   0.0000
    3314 383.0000   0.0000
    3319 390.0000   0.0000
    3324 402.0000   0.0000
    3329 404.0000   0.0000
    3334 412.0000   0.0000
    3339 415.0000   0.0000
    3344 417.0000   0.0000
    3349 422.0000   0.0000
    3354 429.0000   0.0000
    3359 431.0000   0.0000
    3364 436.0000   0.0000
    3369 441.0000   0.0000
    3374 447.0000   0.0000
    3379 460.0000   0.0000
    3384 469.0000   0.0000
    3389 486.0000   0.0000
    3394 485.0000   0.0000
    3399 490.0000   0.0000
    3404 490.0000   0.0000
    3409 489.0000   0.0000
    3414 491.0000   0.0000
    3419 491.0000   0.0000
    3424 497.0000   0.0000
    3429 501.0000   0.0000
    3434 501.0000   0.0000
    3439 503.0000   0.0000
    3444 508.0000   0.0000
    3449 506.0000   0.0000
    3454 507.0000   0.0000
    3459 506.0000   0.0000
    3464 510.0000   0.0000
    3469 511.0000   0.0000
    3474 511.0000   0.0000
    3479 515.0000   0.0000
    3484 513.0000   0.0000
    3489 518.0000   0.0000
    3494 519.0000   0.0000
    3499 519.0000   0.0000
    3504 524.0000   0.0000
    3509 524.0000   0.0000
    3514 526.0000   0.0000
    3519 531.0000   0.0000
    3524 530.0000   0.0000
    3529 534.0000   0.0000
    3534 536.0000   0.0000
    3539 533.0000   0.0000
    3544 545.0000   0.0000
    3549 547.0000   0.0000
    3554 553.0000   0.0000
    3559 556.0000   0.0000
    3564 559.0000   0.0000
    3569 561.0000   0.0000
    3574 566.0000   0.0000
    3579 565.0000   0.0000
    3584 567.0000   0.0000
    3589 566.0000   0.0000
    3594 576.0000   0.0000
    3599 575.0000   0.0000
    3604 574.0000   0.0000
    3609 577.0000   0.0000
    3614 577.0000   0.0000
    3619 579.0000   0.0000
    3624 580.0000   0.0000
    3629 583.0000   0.0000
    3634 584.0000   0.0000
    3639 588.0000   0.0000
    3644 590.0000   0.0000
    3649 592.0000   0.0000
    3654 591.0000   0.0000
    3659 596.0000   0.0000
    3664 594.0000   0.0000
    3669 594.0000   0.0000
    3674 596.0000   0.0000
    3679 593.0000   0.0000
    3684 596.0000   0.0000
    3689 597.0000   0.0000
    3694 597.0000   0.0000
    3699 597.0000   0.0000
    3704 598.0000   0.0000
    3709 597.0000   0.0000
    3714 598.0000   0.0000
    3719 598.0000   0.0000
    3724 600.0000   0.0000
    3729 595.0000   0.0000
    3734 592.0000   0.0000
    3739 593.0000   0.0000
    3744 592.0000   0.0000
    3749 593.0000   0.0000
    3754 595.0000   0.0000
    3759 593.0000   0.0000
    3764 596.0000   0.0000
    3769 595.0000   0.0000
    3774 596.0000   0.0000
    3779 596.0000   0.0000
    3784 594.0000   0.0000
    3789 595.0000   0.0000
    3794 592.0000   0.0000
    3799 588.0000   0.0000
    3804 589.0000   0.0000
    3809 587.0000   0.0000
    3814 589.0000   0.0000
    3819 592.0000   0.0000
    3824 589.0000   0.0000
    3829 591.0000   0.0000
    3834 592.0000   0.0000
    3839 590.0000   0.0000
    3844 591.0000   0.0000
    3849 590.0000   0.0000
    3854 592.0000   0.0000
    3859 587.0000   0.0000
    3864 587.0000   0.0000
    3869 589.0000   0.0000
    3874 587.0000   0.0000
    3879 589.0000   0.0000
    3884 590.0000   0.0000
    3889 587.0000   0.0000
    3894 590.0000   0.0000
    3899 592.0000   0.0000
    3904 590.0000   0.0000
    3909 592.0000   0.0000
    3914 590.0000   0.0000
    3919 592.0000   0.0000
    3924 589.0000   0.0000
    3929 587.0000   0.0000
    3934 589.0000   0.0000
    3939 588.0000   0.0000
    3944 589.0000   0.0000
    3949 590.0000   0.0000
    3954 589.0000   0.0000
    3959 590.0000   0.0000
    3964 592.0000   0.0000
    3969 591.0000   0.0000
    3974 591.0000   0.0000
    3979 590.0000   0.0000
    3984 592.0000   0.0000
    3989 587.0000   0.0000
    3994 587.0000   0.0000
    3999 589.0000   0.0000
    4004 587.0000   0.0000
    4009 589.0000   0.0000
    4014 590.0000   0.0000
    4019 589.0000   0.0000
    4024 590.0000   0.0000
    4029 592.0000   0.0000
    4034 590.0000   0.0000
    4039 592.0000   0.0000
    4044 590.0000   0.0000
    4049 592.0000   0.0000
    4054 587.0000   0.0000
    4059 587.0000   0.0000
    4064 589.0000   0.0000
    4069 588.0000   0.0000
    4074 589.0000   0.0000
    4079 589.0000   0.0000
    4084 589.0000   0.0000
    4089 590.0000   0.0000
    4094 592.0000   0.0000
    4099 589.0000   0.0000
    4104 592.0000   0.0000
    4109 590.0000   0.0000
    4114 592.0000   0.0000
    4119 587.0000   0.0000
    4124 587.0000   0.0000
    4129 589.0000   0.0000
    4134 587.0000   0.0000
    4139 590.0000   0.0000
    4144 590.0000   0.0000
    4149 589.0000   0.0000
    4154 590.0000   0.0000
    4159 592.0000   0.0000
    4164 591.0000   0.0000
    4169 592.0000   0.0000
    4174 589.0000   0.0000
    4179 591.0000   0.0000
    4184 587.0000   0.0000
    4189 587.0000   0.0000
    4194 589.0000   0.0000
    4199 588.0000   0.0000
    4204 589.0000   0.0000
    4209 590.0000   0.0000
    4214 589.0000   0.0000
    4219 591.0000   0.0000
    4224 591.0000   0.0000
    4229 590.0000   0.0000
    4234 592.0000   0.0000
    4239 590.0000   0.0000
    4244 591.0000   0.0000
    4249 587.0000   0.0000
    4254 588.0000   0.0000
    4259 589.0000   0.0000
